<?xml version="1.0" encoding="UTF-8"?>
<testsuite xmlns:xsi="http://www.w3.org/2001/XMLSchema-instance" xsi:noNamespaceSchemaLocation="https://maven.apache.org/surefire/maven-surefire-plugin/xsd/surefire-test-report-3.0.xsd" version="3.0" name="hw06.ExprShould" time="0.047" tests="1" errors="1" skipped="0" failures="0">
  <properties>
[...]
</properties>
  <testcase name="eval_expr_1" classname="hw06.ExprShould" time="0.03">
    <error type="java.util.NoSuchElementException"><![CDATA[java.util.NoSuchElementException
	at hw06.ExprShould.test_eval(ExprShould.java:20)
	at hw06.ExprShould.eval_expr_1(ExprShould.java:11)
]]></error>
  </testcase>
</testsuite>